build/outputs/logs/manifest-merger-debug-report.txt
-- Merging decision tree log ---
manifest
ADDED from src/main/AndroidManifest.xml:2:1-51:12
	package
		ADDED from src/main/AndroidManifest.xml:3:5-41
		INJECTED from src/main/AndroidManifest.xml
		INJECTED from src/main/AndroidManifest.xml
	android:versionName
		ADDED from src/main/AndroidManifest.xml:5:5-30
		INJECTED from src/main/AndroidManifest.xml
		INJECTED from src/main/AndroidManifest.xml
	android:versionCode
		ADDED from src/main/AndroidManifest.xml:4:5-28
		INJECTED from src/main/AndroidManifest.xml
		INJECTED from src/main/AndroidManifest.xml
	xmlns:android
		ADDED from src/main/AndroidManifest.xml:2:11-69
uses-sdk
ADDED from src/main/AndroidManifest.xml:7:5-9:41
MERGED from [com.android.support:appcompat-v7:21.0.3] AndroidManifest.xml:15:5-42
MERGED from [com.android.support:support-v4:21.0.3] AndroidManifest.xml:15:5-42
	android:targetSdkVersion
		ADDED from src/main/AndroidManifest.xml:9:9-38
		INJECTED from src/main/AndroidManifest.xml
		INJECTED from src/main/AndroidManifest.xml
	android:minSdkVersion
		ADDED from src/main/AndroidManifest.xml:8:9-34
		INJECTED from src/main/AndroidManifest.xml
		INJECTED from src/main/AndroidManifest.xml
uses-feature#android.hardware.camera
ADDED from src/main/AndroidManifest.xml:10:3-71
	android:name
		ADDED from src/main/AndroidManifest.xml:10:17-55
uses-permission#android.permission.ACCESS_FINE_LOCATION
ADDED from src/main/AndroidManifest.xml:11:2-75
	android:name
		ADDED from src/main/AndroidManifest.xml:11:19-73
uses-permission#android.permission.ACCESS_COARSE_LOCATION
ADDED from src/main/AndroidManifest.xml:12:2-77
	android:name
		ADDED from src/main/AndroidManifest.xml:12:19-75
uses-permission#android.permission.ACCESS_NETWORK_STATE
ADDED from src/main/AndroidManifest.xml:13:2-76
	android:name
		ADDED from src/main/AndroidManifest.xml:13:19-73
uses-permission#android.permission.INTERNET
ADDED from src/main/AndroidManifest.xml:14:3-64
	android:name
		ADDED from src/main/AndroidManifest.xml:14:20-62
uses-permission#android.permission.READ_EXTERNAL_STORAGE
ADDED from src/main/AndroidManifest.xml:15:3-78
	android:name
		ADDED from src/main/AndroidManifest.xml:15:20-75
uses-permission#android.permission.WRITE_EXTERNAL_STORAGE
ADDED from src/main/AndroidManifest.xml:16:5-80
	android:name
		ADDED from src/main/AndroidManifest.xml:16:22-78
uses-permission#android.permission.READ_INTERNAL_STORAGE
ADDED from src/main/AndroidManifest.xml:17:5-80
	android:name
		ADDED from src/main/AndroidManifest.xml:17:22-77
uses-permission#android.permission.BLUETOOTH_ADMIN
ADDED from src/main/AndroidManifest.xml:18:2-87
	android:name
		ADDED from src/main/AndroidManifest.xml:18:19-68
uses-permission#android.permission.BLUETOOTH
ADDED from src/main/AndroidManifest.xml:19:2-81
	android:name
		ADDED from src/main/AndroidManifest.xml:19:19-62
uses-permission#android.permission.VIBRATE
ADDED from src/main/AndroidManifest.xml:20:2-79
	android:name
		ADDED from src/main/AndroidManifest.xml:20:19-60
application
ADDED from src/main/AndroidManifest.xml:23:3-49:19
MERGED from [com.android.support:appcompat-v7:21.0.3] AndroidManifest.xml:16:5-19
MERGED from [com.android.support:support-v4:21.0.3] AndroidManifest.xml:16:5-19
	android:label
		ADDED from src/main/AndroidManifest.xml:26:9-41
	android:allowBackup
		ADDED from src/main/AndroidManifest.xml:24:9-35
	android:icon
		ADDED from src/main/AndroidManifest.xml:25:9-40
	android:theme
		ADDED from src/main/AndroidManifest.xml:27:9-40
activity#com.example.srcismeterjuly.MainScreen
ADDED from src/main/AndroidManifest.xml:28:9-36:20
	android:label
		ADDED from src/main/AndroidManifest.xml:30:13-45
	android:name
		ADDED from src/main/AndroidManifest.xml:29:13-39
intent-filter#android.intent.action.MAIN+android.intent.category.LAUNCHER
ADDED from src/main/AndroidManifest.xml:31:13-35:29
action#android.intent.action.MAIN
ADDED from src/main/AndroidManifest.xml:32:17-69
	android:name
		ADDED from src/main/AndroidManifest.xml:32:25-66
category#android.intent.category.LAUNCHER
ADDED from src/main/AndroidManifest.xml:34:17-77
	android:name
		ADDED from src/main/AndroidManifest.xml:34:27-74
activity#com.example.srcismeterjuly.ReadMeter
ADDED from src/main/AndroidManifest.xml:37:9-55
	android:name
		ADDED from src/main/AndroidManifest.xml:37:19-43
activity#com.example.srcismeterjuly.ReadMeterPlus
ADDED from src/main/AndroidManifest.xml:38:9-59
	android:name
		ADDED from src/main/AndroidManifest.xml:38:19-47
activity#com.example.srcismeterjuly.MainMenu
ADDED from src/main/AndroidManifest.xml:39:9-54
	android:name
		ADDED from src/main/AndroidManifest.xml:39:19-42
activity#com.example.srcismeterjuly.ftpload
ADDED from src/main/AndroidManifest.xml:40:9-53
	android:name
		ADDED from src/main/AndroidManifest.xml:40:19-41
activity#com.example.srcismeterjuly.RouteMeter
ADDED from src/main/AndroidManifest.xml:41:9-42:59
	android:windowSoftInputMode
		ADDED from src/main/AndroidManifest.xml:42:9-57
	android:name
		ADDED from src/main/AndroidManifest.xml:41:19-44
activity#com.example.srcismeterjuly.PageUploadOnline
ADDED from src/main/AndroidManifest.xml:43:9-62
	android:name
		ADDED from src/main/AndroidManifest.xml:43:19-50
activity#com.example.srcismeterjuly.PageImportData
ADDED from src/main/AndroidManifest.xml:44:9-60
	android:name
		ADDED from src/main/AndroidManifest.xml:44:19-48
activity#com.example.srcismeterjuly.PageShowRoute
ADDED from src/main/AndroidManifest.xml:45:9-59
	android:name
		ADDED from src/main/AndroidManifest.xml:45:19-47
activity#com.example.srcismeterjuly.PageBackupDB
ADDED from src/main/AndroidManifest.xml:46:9-58
	android:name
		ADDED from src/main/AndroidManifest.xml:46:19-46
activity#com.example.srcismeterjuly.PageFindMeter
ADDED from src/main/AndroidManifest.xml:47:9-59
	android:name
		ADDED from src/main/AndroidManifest.xml:47:19-47
activity#com.example.srcismeterjuly.MainActivity
ADDED from src/main/AndroidManifest.xml:48:9-58
	android:name
		ADDED from src/main/AndroidManifest.xml:48:19-46